[2017-08-20 16:04:59] Текст ошибки: Страница не найдена | Файл: D:\WebServer\domains\ishop2.loc\public\index.php | Строка: 8
=================
[2017-08-20 16:05:11] Текст ошибки: Страница не найдена | Файл: D:\WebServer\domains\ishop2.loc\public\index.php | Строка: 8
=================
[2017-08-20 16:05:16] Текст ошибки: Страница не найдена | Файл: D:\WebServer\domains\ishop2.loc\public\index.php | Строка: 8
=================
[2017-08-20 16:05:25] Текст ошибки: Страница не найдена | Файл: D:\WebServer\domains\ishop2.loc\public\index.php | Строка: 8
=================
[2017-08-20 16:05:37] Текст ошибки: Страница не найдена | Файл: D:\WebServer\domains\ishop2.loc\public\index.php | Строка: 8
=================
[2017-08-20 16:05:46] Текст ошибки: Страница не найдена | Файл: D:\WebServer\domains\ishop2.loc\public\index.php | Строка: 8
=================
[2017-08-20 16:07:33] Текст ошибки: Страница не найдена!!! | Файл: D:\WebServer\domains\ishop2.loc\public\index.php | Строка: 8
=================
[2017-08-20 16:08:53] Текст ошибки: Страница не найдена!!! | Файл: D:\WebServer\domains\ishop2.loc\public\index.php | Строка: 8
=================
[2017-08-20 16:09:00] Текст ошибки: Страница не найдена!!! | Файл: D:\WebServer\domains\ishop2.loc\public\index.php | Строка: 8
=================
[2017-08-20 16:09:04] Текст ошибки: Страница не найдена!!! | Файл: D:\WebServer\domains\ishop2.loc\public\index.php | Строка: 8
=================
[2017-08-20 16:10:32] Текст ошибки: Страница не найдена!!! | Файл: D:\WebServer\domains\ishop2.loc\public\index.php | Строка: 8
=================
[2017-08-20 16:10:37] Текст ошибки: Страница не найдена!!! | Файл: D:\WebServer\domains\ishop2.loc\public\index.php | Строка: 8
=================
[2017-08-20 16:10:48] Текст ошибки: Страница не найдена!!! | Файл: D:\WebServer\domains\ishop2.loc\public\index.php | Строка: 8
=================
[2022-03-13 08:55:06] Текст ошибки: Страница не найдена!!! | Файл: C:\OpenServer\domains\ishop.loc\public\index.php | Строка: 8
=================
[2022-03-13 08:55:06] Текст ошибки: Страница не найдена!!! | Файл: C:\OpenServer\domains\ishop.loc\public\index.php | Строка: 8
=================
[2022-03-13 08:55:06] Текст ошибки: Страница не найдена!!! | Файл: C:\OpenServer\domains\ishop.loc\public\index.php | Строка: 8
=================
[2022-03-13 09:09:05] Текст ошибки: Страница не найдена!!! | Файл: C:\OpenServer\domains\ishop.loc\public\index.php | Строка: 8
=================
[2022-03-13 09:09:06] Текст ошибки: Страница не найдена!!! | Файл: C:\OpenServer\domains\ishop.loc\public\index.php | Строка: 8
=================
[2022-03-13 09:09:07] Текст ошибки: Страница не найдена!!! | Файл: C:\OpenServer\domains\ishop.loc\public\index.php | Строка: 8
=================
[2022-03-13 09:09:07] Текст ошибки: Страница не найдена!!! | Файл: C:\OpenServer\domains\ishop.loc\public\index.php | Строка: 8
=================
[2022-03-13 09:09:38] Текст ошибки: Страница не найдена!!! | Файл: C:\OpenServer\domains\ishop.loc\public\index.php | Строка: 8
=================
[2022-03-13 09:09:38] Текст ошибки: Страница не найдена!!! | Файл: C:\OpenServer\domains\ishop.loc\public\index.php | Строка: 8
=================
[2022-03-13 09:11:32] Текст ошибки: Страница не найдена!!! | Файл: C:\OpenServer\domains\ishop.loc\public\index.php | Строка: 8
=================
[2022-03-13 09:11:33] Текст ошибки: Страница не найдена!!! | Файл: C:\OpenServer\domains\ishop.loc\public\index.php | Строка: 8
=================
[2022-03-13 09:12:51] Текст ошибки: Страница не найдена!!! | Файл: C:\OpenServer\domains\ishop.loc\public\index.php | Строка: 8
=================
[2022-03-13 09:13:00] Текст ошибки: Страница не найдена!!! | Файл: C:\OpenServer\domains\ishop.loc\public\index.php | Строка: 8
=================
[2022-03-13 09:13:01] Текст ошибки: Страница не найдена!!! | Файл: C:\OpenServer\domains\ishop.loc\public\index.php | Строка: 8
=================
[2022-03-13 10:13:11] Текст ошибки: Class 'mysql_xdevapi\Exception' not found | Файл: C:\OpenServer\domains\my.ishop\vendor\ishop\core\Router.php | Строка: 25
=================
[2022-03-13 10:14:19] Текст ошибки: Page not found | Файл: C:\OpenServer\domains\my.ishop\vendor\ishop\core\Router.php | Строка: 25
=================
[2022-03-13 10:14:20] Текст ошибки: Page not found | Файл: C:\OpenServer\domains\my.ishop\vendor\ishop\core\Router.php | Строка: 25
=================
[2022-03-13 10:14:21] Текст ошибки: Page not found | Файл: C:\OpenServer\domains\my.ishop\vendor\ishop\core\Router.php | Строка: 25
=================
[2022-03-13 10:26:42] Текст ошибки: Page not found | Файл: C:\OpenServer\domains\my.ishop\vendor\ishop\core\Router.php | Строка: 32
=================
[2022-03-13 10:26:45] Текст ошибки: Page not found | Файл: C:\OpenServer\domains\my.ishop\vendor\ishop\core\Router.php | Строка: 32
=================
[2022-03-13 10:26:55] Текст ошибки: Page not found | Файл: C:\OpenServer\domains\my.ishop\vendor\ishop\core\Router.php | Строка: 32
=================
[2022-03-13 10:38:31] Текст ошибки: Страница не найдена | Файл: C:\OpenServer\domains\my.ishop\vendor\ishop\core\Router.php | Строка: 37
=================
[2022-03-13 10:38:32] Текст ошибки: Страница не найдена | Файл: C:\OpenServer\domains\my.ishop\vendor\ishop\core\Router.php | Строка: 37
=================
[2022-03-13 10:38:33] Текст ошибки: Страница не найдена | Файл: C:\OpenServer\domains\my.ishop\vendor\ishop\core\Router.php | Строка: 37
=================
[2022-03-13 10:39:53] Текст ошибки: Контроллер app\controllers\PageController не найден | Файл: C:\OpenServer\domains\my.ishop\vendor\ishop\core\Router.php | Строка: 34
=================
[2022-03-13 10:39:56] Текст ошибки: Контроллер app\controllers\PageController не найден | Файл: C:\OpenServer\domains\my.ishop\vendor\ishop\core\Router.php | Строка: 34
=================
[2022-03-13 10:40:00] Текст ошибки: Контроллер app\controllers\MainController не найден | Файл: C:\OpenServer\domains\my.ishop\vendor\ishop\core\Router.php | Строка: 34
=================
[2022-03-13 10:40:04] Текст ошибки: Страница не найдена | Файл: C:\OpenServer\domains\my.ishop\vendor\ishop\core\Router.php | Строка: 37
=================
[2022-03-13 10:40:08] Текст ошибки: Контроллер app\controllers\MainController не найден | Файл: C:\OpenServer\domains\my.ishop\vendor\ishop\core\Router.php | Строка: 34
=================
[2022-03-13 10:40:22] Текст ошибки: Контроллер app\controllers\MainController не найден | Файл: C:\OpenServer\domains\my.ishop\vendor\ishop\core\Router.php | Строка: 34
=================
[2022-03-13 19:27:17] Текст ошибки: Class 'app\controllers\AppModel' not found | Файл: C:\OpenServer\domains\my.ishop\app\controllers\AppController.php | Строка: 11
=================
[2022-03-13 19:28:37] Текст ошибки: Class 'app\controllers\AppModel' not found | Файл: C:\OpenServer\domains\my.ishop\app\controllers\AppController.php | Строка: 11
=================
[2022-03-13 19:28:38] Текст ошибки: Class 'app\controllers\AppModel' not found | Файл: C:\OpenServer\domains\my.ishop\app\controllers\AppController.php | Строка: 11
=================
[2022-03-13 19:28:38] Текст ошибки: Страница не найдена | Файл: C:\OpenServer\domains\my.ishop\vendor\ishop\core\Router.php | Строка: 40
=================
[2022-03-13 19:28:39] Текст ошибки: Страница не найдена | Файл: C:\OpenServer\domains\my.ishop\vendor\ishop\core\Router.php | Строка: 40
=================
[2022-03-14 18:51:52] Текст ошибки: Страница не найдена | Файл: C:\OpenServer\domains\my.ishop\vendor\ishop\core\Router.php | Строка: 40
=================
[2022-03-14 18:51:52] Текст ошибки: Страница не найдена | Файл: C:\OpenServer\domains\my.ishop\vendor\ishop\core\Router.php | Строка: 40
=================
[2022-03-14 18:57:24] Текст ошибки: Страница не найдена | Файл: C:\OpenServer\domains\my.ishop\vendor\ishop\core\Router.php | Строка: 40
=================
[2022-03-14 18:57:25] Текст ошибки: Страница не найдена | Файл: C:\OpenServer\domains\my.ishop\vendor\ishop\core\Router.php | Строка: 40
=================
[2022-03-14 18:57:54] Текст ошибки: Страница не найдена | Файл: C:\OpenServer\domains\my.ishop\vendor\ishop\core\Router.php | Строка: 40
=================
[2022-03-14 18:57:54] Текст ошибки: Страница не найдена | Файл: C:\OpenServer\domains\my.ishop\vendor\ishop\core\Router.php | Строка: 40
=================
[2022-03-14 18:57:55] Текст ошибки: Страница не найдена | Файл: C:\OpenServer\domains\my.ishop\vendor\ishop\core\Router.php | Строка: 40
=================
[2022-03-14 18:59:31] Текст ошибки: Страница не найдена | Файл: C:\OpenServer\domains\my.ishop\vendor\ishop\core\Router.php | Строка: 40
=================
[2022-03-14 18:59:32] Текст ошибки: Страница не найдена | Файл: C:\OpenServer\domains\my.ishop\vendor\ishop\core\Router.php | Строка: 40
=================
[2022-03-14 19:00:43] Текст ошибки: Страница не найдена | Файл: C:\OpenServer\domains\my.ishop\vendor\ishop\core\Router.php | Строка: 40
=================
[2022-03-14 19:00:44] Текст ошибки: Страница не найдена | Файл: C:\OpenServer\domains\my.ishop\vendor\ishop\core\Router.php | Строка: 40
=================
[2022-03-14 19:00:44] Текст ошибки: Страница не найдена | Файл: C:\OpenServer\domains\my.ishop\vendor\ishop\core\Router.php | Строка: 40
=================
[2022-03-14 19:04:11] Текст ошибки: Страница не найдена | Файл: C:\OpenServer\domains\my.ishop\vendor\ishop\core\Router.php | Строка: 40
=================
[2022-03-14 19:04:12] Текст ошибки: Страница не найдена | Файл: C:\OpenServer\domains\my.ishop\vendor\ishop\core\Router.php | Строка: 40
=================
[2022-03-14 19:05:32] Текст ошибки: Страница не найдена | Файл: C:\OpenServer\domains\my.ishop\vendor\ishop\core\Router.php | Строка: 39
=================
[2022-03-14 19:05:33] Текст ошибки: Страница не найдена | Файл: C:\OpenServer\domains\my.ishop\vendor\ishop\core\Router.php | Строка: 39
=================
[2022-03-14 19:05:41] Текст ошибки: syntax error, unexpected end of file, expecting function (T_FUNCTION) or const (T_CONST) | Файл: C:\OpenServer\domains\my.ishop\app\controllers\AppController.php | Строка: 14
=================
[2022-03-14 19:06:09] Текст ошибки: Class 'R' not found | Файл: C:\OpenServer\domains\my.ishop\vendor\ishop\core\Db.php | Строка: 16
=================
[2022-03-14 19:07:48] Текст ошибки: Class 'R' not found | Файл: C:\OpenServer\domains\my.ishop\vendor\ishop\core\Db.php | Строка: 17
=================
[2022-03-14 19:08:32] Текст ошибки: Нет соединения с БД | Файл: C:\OpenServer\domains\my.ishop\vendor\ishop\core\Db.php | Строка: 17
=================
[2022-03-14 19:08:33] Текст ошибки: Нет соединения с БД | Файл: C:\OpenServer\domains\my.ishop\vendor\ishop\core\Db.php | Строка: 17
=================
[2022-03-14 20:00:20] Текст ошибки: Страница не найдена | Файл: C:\OpenServer\domains\my.ishop\vendor\ishop\core\Router.php | Строка: 39
=================
